[2020-11-06 19:07:29] local.ERROR: Invalid route action: []. {"exception":"[object] (UnexpectedValueException(code: 0): Invalid route action: []. at /var/www/nuxt-project/back/vendor/laravel/framework/src/Illuminate/Routing/RouteAction.php:92)
[stacktrace]
#0 /var/www/nuxt-project/back/vendor/laravel/framework/src/Illuminate/Routing/RouteAction.php(47): Illuminate\\Routing\\RouteAction::makeInvokable()
#1 /var/www/nuxt-project/back/vendor/laravel/framework/src/Illuminate/Routing/Route.php(183): Illuminate\\Routing\\RouteAction::parse()
#2 /var/www/nuxt-project/back/vendor/laravel/framework/src/Illuminate/Routing/Route.php(164): Illuminate\\Routing\\Route->parseAction()
#3 /var/www/nuxt-project/back/vendor/laravel/framework/src/Illuminate/Routing/Router.php(555): Illuminate\\Routing\\Route->__construct()
#4 /var/www/nuxt-project/back/vendor/laravel/framework/src/Illuminate/Routing/Router.php(474): Illuminate\\Routing\\Router->newRoute()
#5 /var/www/nuxt-project/back/vendor/laravel/framework/src/Illuminate/Routing/Router.php(453): Illuminate\\Routing\\Router->createRoute()
#6 /var/www/nuxt-project/back/vendor/laravel/framework/src/Illuminate/Routing/Router.php(145): Illuminate\\Routing\\Router->addRoute()
#7 /var/www/nuxt-project/back/vendor/laravel/framework/src/Illuminate/Support/Facades/Facade.php(261): Illuminate\\Routing\\Router->get()
#8 /var/www/nuxt-project/back/routes/api.php(21): Illuminate\\Support\\Facades\\Facade::__callStatic()
#9 /var/www/nuxt-project/back/vendor/laravel/framework/src/Illuminate/Routing/RouteFileRegistrar.php(35): require('/var/www/nuxt-p...')
#10 /var/www/nuxt-project/back/vendor/laravel/framework/src/Illuminate/Routing/Router.php(423): Illuminate\\Routing\\RouteFileRegistrar->register()
#11 /var/www/nuxt-project/back/vendor/laravel/framework/src/Illuminate/Routing/Router.php(380): Illuminate\\Routing\\Router->loadRoutes()
#12 /var/www/nuxt-project/back/vendor/laravel/framework/src/Illuminate/Routing/RouteRegistrar.php(135): Illuminate\\Routing\\Router->group()
#13 /var/www/nuxt-project/back/app/Providers/RouteServiceProvider.php(44): Illuminate\\Routing\\RouteRegistrar->group()
#14 /var/www/nuxt-project/back/vendor/laravel/framework/src/Illuminate/Container/BoundMethod.php(36): App\\Providers\\RouteServiceProvider->App\\Providers\\{closure}()
#15 /var/www/nuxt-project/back/vendor/laravel/framework/src/Illuminate/Container/Util.php(40): Illuminate\\Container\\BoundMethod::Illuminate\\Container\\{closure}()
#16 /var/www/nuxt-project/back/vendor/laravel/framework/src/Illuminate/Container/BoundMethod.php(81): Illuminate\\Container\\Util::unwrapIfClosure()
#17 /var/www/nuxt-project/back/vendor/laravel/framework/src/Illuminate/Container/BoundMethod.php(37): Illuminate\\Container\\BoundMethod::callBoundMethod()
#18 /var/www/nuxt-project/back/vendor/laravel/framework/src/Illuminate/Container/Container.php(596): Illuminate\\Container\\BoundMethod::call()
#19 /var/www/nuxt-project/back/vendor/laravel/framework/src/Illuminate/Foundation/Support/Providers/RouteServiceProvider.php(120): Illuminate\\Container\\Container->call()
#20 /var/www/nuxt-project/back/vendor/laravel/framework/src/Illuminate/Foundation/Support/Providers/RouteServiceProvider.php(45): Illuminate\\Foundation\\Support\\Providers\\RouteServiceProvider->loadRoutes()
#21 /var/www/nuxt-project/back/vendor/laravel/framework/src/Illuminate/Container/BoundMethod.php(36): Illuminate\\Foundation\\Support\\Providers\\RouteServiceProvider->Illuminate\\Foundation\\Support\\Providers\\{closure}()
#22 /var/www/nuxt-project/back/vendor/laravel/framework/src/Illuminate/Container/Util.php(40): Illuminate\\Container\\BoundMethod::Illuminate\\Container\\{closure}()
#23 /var/www/nuxt-project/back/vendor/laravel/framework/src/Illuminate/Container/BoundMethod.php(81): Illuminate\\Container\\Util::unwrapIfClosure()
#24 /var/www/nuxt-project/back/vendor/laravel/framework/src/Illuminate/Container/BoundMethod.php(37): Illuminate\\Container\\BoundMethod::callBoundMethod()
#25 /var/www/nuxt-project/back/vendor/laravel/framework/src/Illuminate/Container/Container.php(596): Illuminate\\Container\\BoundMethod::call()
#26 /var/www/nuxt-project/back/vendor/laravel/framework/src/Illuminate/Support/ServiceProvider.php(113): Illuminate\\Container\\Container->call()
#27 /var/www/nuxt-project/back/vendor/laravel/framework/src/Illuminate/Foundation/Application.php(872): Illuminate\\Support\\ServiceProvider->callBootedCallbacks()
#28 /var/www/nuxt-project/back/vendor/laravel/framework/src/Illuminate/Foundation/Application.php(850): Illuminate\\Foundation\\Application->bootProvider()
#29 [internal function]: Illuminate\\Foundation\\Application->Illuminate\\Foundation\\{closure}()
#30 /var/www/nuxt-project/back/vendor/laravel/framework/src/Illuminate/Foundation/Application.php(851): array_walk()
#31 /var/www/nuxt-project/back/vendor/laravel/framework/src/Illuminate/Foundation/Bootstrap/BootProviders.php(17): Illuminate\\Foundation\\Application->boot()
#32 /var/www/nuxt-project/back/vendor/laravel/framework/src/Illuminate/Foundation/Application.php(230): Illuminate\\Foundation\\Bootstrap\\BootProviders->bootstrap()
#33 /var/www/nuxt-project/back/vendor/laravel/framework/src/Illuminate/Foundation/Console/Kernel.php(310): Illuminate\\Foundation\\Application->bootstrapWith()
#34 /var/www/nuxt-project/back/vendor/laravel/framework/src/Illuminate/Foundation/Console/Kernel.php(127): Illuminate\\Foundation\\Console\\Kernel->bootstrap()
#35 /var/www/nuxt-project/back/artisan(37): Illuminate\\Foundation\\Console\\Kernel->handle()
#36 {main}
"} 
[2020-11-06 19:09:12] local.ERROR: Target class [ExampleController] does not exist. {"exception":"[object] (Illuminate\\Contracts\\Container\\BindingResolutionException(code: 0): Target class [ExampleController] does not exist. at /var/www/nuxt-project/back/vendor/laravel/framework/src/Illuminate/Container/Container.php:811)
[stacktrace]
#0 /var/www/nuxt-project/back/vendor/laravel/framework/src/Illuminate/Container/Container.php(691): Illuminate\\Container\\Container->build()
#1 /var/www/nuxt-project/back/vendor/laravel/framework/src/Illuminate/Foundation/Application.php(796): Illuminate\\Container\\Container->resolve()
#2 /var/www/nuxt-project/back/vendor/laravel/framework/src/Illuminate/Container/Container.php(637): Illuminate\\Foundation\\Application->resolve()
#3 /var/www/nuxt-project/back/vendor/laravel/framework/src/Illuminate/Foundation/Application.php(781): Illuminate\\Container\\Container->make()
#4 /var/www/nuxt-project/back/vendor/laravel/framework/src/Illuminate/Routing/Route.php(269): Illuminate\\Foundation\\Application->make()
#5 /var/www/nuxt-project/back/vendor/laravel/framework/src/Illuminate/Routing/Route.php(990): Illuminate\\Routing\\Route->getController()
#6 /var/www/nuxt-project/back/vendor/laravel/framework/src/Illuminate/Routing/Route.php(951): Illuminate\\Routing\\Route->controllerMiddleware()
#7 /var/www/nuxt-project/back/vendor/laravel/framework/src/Illuminate/Routing/Router.php(708): Illuminate\\Routing\\Route->gatherMiddleware()
#8 /var/www/nuxt-project/back/vendor/laravel/framework/src/Illuminate/Routing/Router.php(684): Illuminate\\Routing\\Router->gatherRouteMiddleware()
#9 /var/www/nuxt-project/back/vendor/laravel/framework/src/Illuminate/Routing/Router.php(668): Illuminate\\Routing\\Router->runRouteWithinStack()
#10 /var/www/nuxt-project/back/vendor/laravel/framework/src/Illuminate/Routing/Router.php(634): Illuminate\\Routing\\Router->runRoute()
#11 /var/www/nuxt-project/back/vendor/laravel/framework/src/Illuminate/Routing/Router.php(623): Illuminate\\Routing\\Router->dispatchToRoute()
#12 /var/www/nuxt-project/back/vendor/laravel/framework/src/Illuminate/Foundation/Http/Kernel.php(166): Illuminate\\Routing\\Router->dispatch()
#13 /var/www/nuxt-project/back/vendor/laravel/framework/src/Illuminate/Pipeline/Pipeline.php(128): Illuminate\\Foundation\\Http\\Kernel->Illuminate\\Foundation\\Http\\{closure}()
#14 /var/www/nuxt-project/back/vendor/laravel/framework/src/Illuminate/Foundation/Http/Middleware/TransformsRequest.php(21): Illuminate\\Pipeline\\Pipeline->Illuminate\\Pipeline\\{closure}()
#15 /var/www/nuxt-project/back/vendor/laravel/framework/src/Illuminate/Pipeline/Pipeline.php(167): Illuminate\\Foundation\\Http\\Middleware\\TransformsRequest->handle()
#16 /var/www/nuxt-project/back/vendor/laravel/framework/src/Illuminate/Foundation/Http/Middleware/TransformsRequest.php(21): Illuminate\\Pipeline\\Pipeline->Illuminate\\Pipeline\\{closure}()
#17 /var/www/nuxt-project/back/vendor/laravel/framework/src/Illuminate/Pipeline/Pipeline.php(167): Illuminate\\Foundation\\Http\\Middleware\\TransformsRequest->handle()
#18 /var/www/nuxt-project/back/vendor/laravel/framework/src/Illuminate/Foundation/Http/Middleware/ValidatePostSize.php(27): Illuminate\\Pipeline\\Pipeline->Illuminate\\Pipeline\\{closure}()
#19 /var/www/nuxt-project/back/vendor/laravel/framework/src/Illuminate/Pipeline/Pipeline.php(167): Illuminate\\Foundation\\Http\\Middleware\\ValidatePostSize->handle()
#20 /var/www/nuxt-project/back/vendor/laravel/framework/src/Illuminate/Foundation/Http/Middleware/PreventRequestsDuringMaintenance.php(87): Illuminate\\Pipeline\\Pipeline->Illuminate\\Pipeline\\{closure}()
#21 /var/www/nuxt-project/back/vendor/laravel/framework/src/Illuminate/Pipeline/Pipeline.php(167): Illuminate\\Foundation\\Http\\Middleware\\PreventRequestsDuringMaintenance->handle()
#22 /var/www/nuxt-project/back/vendor/fruitcake/laravel-cors/src/HandleCors.php(57): Illuminate\\Pipeline\\Pipeline->Illuminate\\Pipeline\\{closure}()
#23 /var/www/nuxt-project/back/vendor/laravel/framework/src/Illuminate/Pipeline/Pipeline.php(167): Fruitcake\\Cors\\HandleCors->handle()
#24 /var/www/nuxt-project/back/vendor/fideloper/proxy/src/TrustProxies.php(57): Illuminate\\Pipeline\\Pipeline->Illuminate\\Pipeline\\{closure}()
#25 /var/www/nuxt-project/back/vendor/laravel/framework/src/Illuminate/Pipeline/Pipeline.php(167): Fideloper\\Proxy\\TrustProxies->handle()
#26 /var/www/nuxt-project/back/vendor/laravel/framework/src/Illuminate/Pipeline/Pipeline.php(103): Illuminate\\Pipeline\\Pipeline->Illuminate\\Pipeline\\{closure}()
#27 /var/www/nuxt-project/back/vendor/laravel/framework/src/Illuminate/Foundation/Http/Kernel.php(141): Illuminate\\Pipeline\\Pipeline->then()
#28 /var/www/nuxt-project/back/vendor/laravel/framework/src/Illuminate/Foundation/Http/Kernel.php(110): Illuminate\\Foundation\\Http\\Kernel->sendRequestThroughRouter()
#29 /var/www/nuxt-project/back/public/index.php(52): Illuminate\\Foundation\\Http\\Kernel->handle()
#30 {main}

[previous exception] [object] (ReflectionException(code: -1): Class ExampleController does not exist at /var/www/nuxt-project/back/vendor/laravel/framework/src/Illuminate/Container/Container.php:809)
[stacktrace]
#0 /var/www/nuxt-project/back/vendor/laravel/framework/src/Illuminate/Container/Container.php(809): ReflectionClass->__construct()
#1 /var/www/nuxt-project/back/vendor/laravel/framework/src/Illuminate/Container/Container.php(691): Illuminate\\Container\\Container->build()
#2 /var/www/nuxt-project/back/vendor/laravel/framework/src/Illuminate/Foundation/Application.php(796): Illuminate\\Container\\Container->resolve()
#3 /var/www/nuxt-project/back/vendor/laravel/framework/src/Illuminate/Container/Container.php(637): Illuminate\\Foundation\\Application->resolve()
#4 /var/www/nuxt-project/back/vendor/laravel/framework/src/Illuminate/Foundation/Application.php(781): Illuminate\\Container\\Container->make()
#5 /var/www/nuxt-project/back/vendor/laravel/framework/src/Illuminate/Routing/Route.php(269): Illuminate\\Foundation\\Application->make()
#6 /var/www/nuxt-project/back/vendor/laravel/framework/src/Illuminate/Routing/Route.php(990): Illuminate\\Routing\\Route->getController()
#7 /var/www/nuxt-project/back/vendor/laravel/framework/src/Illuminate/Routing/Route.php(951): Illuminate\\Routing\\Route->controllerMiddleware()
#8 /var/www/nuxt-project/back/vendor/laravel/framework/src/Illuminate/Routing/Router.php(708): Illuminate\\Routing\\Route->gatherMiddleware()
#9 /var/www/nuxt-project/back/vendor/laravel/framework/src/Illuminate/Routing/Router.php(684): Illuminate\\Routing\\Router->gatherRouteMiddleware()
#10 /var/www/nuxt-project/back/vendor/laravel/framework/src/Illuminate/Routing/Router.php(668): Illuminate\\Routing\\Router->runRouteWithinStack()
#11 /var/www/nuxt-project/back/vendor/laravel/framework/src/Illuminate/Routing/Router.php(634): Illuminate\\Routing\\Router->runRoute()
#12 /var/www/nuxt-project/back/vendor/laravel/framework/src/Illuminate/Routing/Router.php(623): Illuminate\\Routing\\Router->dispatchToRoute()
#13 /var/www/nuxt-project/back/vendor/laravel/framework/src/Illuminate/Foundation/Http/Kernel.php(166): Illuminate\\Routing\\Router->dispatch()
#14 /var/www/nuxt-project/back/vendor/laravel/framework/src/Illuminate/Pipeline/Pipeline.php(128): Illuminate\\Foundation\\Http\\Kernel->Illuminate\\Foundation\\Http\\{closure}()
#15 /var/www/nuxt-project/back/vendor/laravel/framework/src/Illuminate/Foundation/Http/Middleware/TransformsRequest.php(21): Illuminate\\Pipeline\\Pipeline->Illuminate\\Pipeline\\{closure}()
#16 /var/www/nuxt-project/back/vendor/laravel/framework/src/Illuminate/Pipeline/Pipeline.php(167): Illuminate\\Foundation\\Http\\Middleware\\TransformsRequest->handle()
#17 /var/www/nuxt-project/back/vendor/laravel/framework/src/Illuminate/Foundation/Http/Middleware/TransformsRequest.php(21): Illuminate\\Pipeline\\Pipeline->Illuminate\\Pipeline\\{closure}()
#18 /var/www/nuxt-project/back/vendor/laravel/framework/src/Illuminate/Pipeline/Pipeline.php(167): Illuminate\\Foundation\\Http\\Middleware\\TransformsRequest->handle()
#19 /var/www/nuxt-project/back/vendor/laravel/framework/src/Illuminate/Foundation/Http/Middleware/ValidatePostSize.php(27): Illuminate\\Pipeline\\Pipeline->Illuminate\\Pipeline\\{closure}()
#20 /var/www/nuxt-project/back/vendor/laravel/framework/src/Illuminate/Pipeline/Pipeline.php(167): Illuminate\\Foundation\\Http\\Middleware\\ValidatePostSize->handle()
#21 /var/www/nuxt-project/back/vendor/laravel/framework/src/Illuminate/Foundation/Http/Middleware/PreventRequestsDuringMaintenance.php(87): Illuminate\\Pipeline\\Pipeline->Illuminate\\Pipeline\\{closure}()
#22 /var/www/nuxt-project/back/vendor/laravel/framework/src/Illuminate/Pipeline/Pipeline.php(167): Illuminate\\Foundation\\Http\\Middleware\\PreventRequestsDuringMaintenance->handle()
#23 /var/www/nuxt-project/back/vendor/fruitcake/laravel-cors/src/HandleCors.php(57): Illuminate\\Pipeline\\Pipeline->Illuminate\\Pipeline\\{closure}()
#24 /var/www/nuxt-project/back/vendor/laravel/framework/src/Illuminate/Pipeline/Pipeline.php(167): Fruitcake\\Cors\\HandleCors->handle()
#25 /var/www/nuxt-project/back/vendor/fideloper/proxy/src/TrustProxies.php(57): Illuminate\\Pipeline\\Pipeline->Illuminate\\Pipeline\\{closure}()
#26 /var/www/nuxt-project/back/vendor/laravel/framework/src/Illuminate/Pipeline/Pipeline.php(167): Fideloper\\Proxy\\TrustProxies->handle()
#27 /var/www/nuxt-project/back/vendor/laravel/framework/src/Illuminate/Pipeline/Pipeline.php(103): Illuminate\\Pipeline\\Pipeline->Illuminate\\Pipeline\\{closure}()
#28 /var/www/nuxt-project/back/vendor/laravel/framework/src/Illuminate/Foundation/Http/Kernel.php(141): Illuminate\\Pipeline\\Pipeline->then()
#29 /var/www/nuxt-project/back/vendor/laravel/framework/src/Illuminate/Foundation/Http/Kernel.php(110): Illuminate\\Foundation\\Http\\Kernel->sendRequestThroughRouter()
#30 /var/www/nuxt-project/back/public/index.php(52): Illuminate\\Foundation\\Http\\Kernel->handle()
#31 {main}
"} 
[2020-11-21 20:39:51] local.ERROR: Command "make:controoller" is not defined.

Did you mean one of these?
    make:cast
    make:channel
    make:command
    make:component
    make:controller
    make:event
    make:exception
    make:factory
    make:job
    make:listener
    make:mail
    make:middleware
    make:migration
    make:model
    make:notification
    make:observer
    make:policy
    make:provider
    make:request
    make:resource
    make:rule
    make:seeder
    make:test {"exception":"[object] (Symfony\\Component\\Console\\Exception\\CommandNotFoundException(code: 0): Command \"make:controoller\" is not defined.

Did you mean one of these?
    make:cast
    make:channel
    make:command
    make:component
    make:controller
    make:event
    make:exception
    make:factory
    make:job
    make:listener
    make:mail
    make:middleware
    make:migration
    make:model
    make:notification
    make:observer
    make:policy
    make:provider
    make:request
    make:resource
    make:rule
    make:seeder
    make:test at /var/www/nuxt-project/back/vendor/symfony/console/Application.php:651)
[stacktrace]
#0 /var/www/nuxt-project/back/vendor/symfony/console/Application.php(230): Symfony\\Component\\Console\\Application->find()
#1 /var/www/nuxt-project/back/vendor/symfony/console/Application.php(142): Symfony\\Component\\Console\\Application->doRun()
#2 /var/www/nuxt-project/back/vendor/laravel/framework/src/Illuminate/Console/Application.php(93): Symfony\\Component\\Console\\Application->run()
#3 /var/www/nuxt-project/back/vendor/laravel/framework/src/Illuminate/Foundation/Console/Kernel.php(129): Illuminate\\Console\\Application->run()
#4 /var/www/nuxt-project/back/artisan(37): Illuminate\\Foundation\\Console\\Kernel->handle()
#5 {main}
"} 
[2020-11-21 20:48:08] local.ERROR: Key path "file:///var/www/nuxt-project/back/storage/oauth-private.key" does not exist or is not readable {"userId":1,"exception":"[object] (LogicException(code: 0): Key path \"file:///var/www/nuxt-project/back/storage/oauth-private.key\" does not exist or is not readable at /var/www/nuxt-project/back/vendor/league/oauth2-server/src/CryptKey.php:52)
[stacktrace]
#0 /var/www/nuxt-project/back/vendor/laravel/passport/src/PassportServiceProvider.php(263): League\\OAuth2\\Server\\CryptKey->__construct()
#1 /var/www/nuxt-project/back/vendor/laravel/passport/src/PassportServiceProvider.php(215): Laravel\\Passport\\PassportServiceProvider->makeCryptKey()
#2 /var/www/nuxt-project/back/vendor/laravel/passport/src/PassportServiceProvider.php(105): Laravel\\Passport\\PassportServiceProvider->makeAuthorizationServer()
#3 /var/www/nuxt-project/back/vendor/laravel/framework/src/Illuminate/Container/Container.php(805): Laravel\\Passport\\PassportServiceProvider->Laravel\\Passport\\{closure}()
#4 /var/www/nuxt-project/back/vendor/laravel/framework/src/Illuminate/Container/Container.php(691): Illuminate\\Container\\Container->build()
#5 /var/www/nuxt-project/back/vendor/laravel/framework/src/Illuminate/Foundation/Application.php(796): Illuminate\\Container\\Container->resolve()
#6 /var/www/nuxt-project/back/vendor/laravel/framework/src/Illuminate/Container/Container.php(637): Illuminate\\Foundation\\Application->resolve()
#7 /var/www/nuxt-project/back/vendor/laravel/framework/src/Illuminate/Foundation/Application.php(781): Illuminate\\Container\\Container->make()
#8 /var/www/nuxt-project/back/vendor/laravel/framework/src/Illuminate/Container/Container.php(959): Illuminate\\Foundation\\Application->make()
#9 /var/www/nuxt-project/back/vendor/laravel/framework/src/Illuminate/Container/Container.php(879): Illuminate\\Container\\Container->resolveClass()
#10 /var/www/nuxt-project/back/vendor/laravel/framework/src/Illuminate/Container/Container.php(840): Illuminate\\Container\\Container->resolveDependencies()
#11 /var/www/nuxt-project/back/vendor/laravel/framework/src/Illuminate/Container/Container.php(691): Illuminate\\Container\\Container->build()
#12 /var/www/nuxt-project/back/vendor/laravel/framework/src/Illuminate/Foundation/Application.php(796): Illuminate\\Container\\Container->resolve()
#13 /var/www/nuxt-project/back/vendor/laravel/framework/src/Illuminate/Container/Container.php(637): Illuminate\\Foundation\\Application->resolve()
#14 /var/www/nuxt-project/back/vendor/laravel/framework/src/Illuminate/Foundation/Application.php(781): Illuminate\\Container\\Container->make()
#15 /var/www/nuxt-project/back/vendor/laravel/passport/src/HasApiTokens.php(66): Illuminate\\Foundation\\Application->make()
#16 /var/www/nuxt-project/back/app/Http/Controllers/Api/AuthController.php(20): App\\Models\\User->createToken()
#17 /var/www/nuxt-project/back/vendor/laravel/framework/src/Illuminate/Routing/Controller.php(54): App\\Http\\Controllers\\Api\\AuthController->index()
#18 /var/www/nuxt-project/back/vendor/laravel/framework/src/Illuminate/Routing/ControllerDispatcher.php(45): Illuminate\\Routing\\Controller->callAction()
#19 /var/www/nuxt-project/back/vendor/laravel/framework/src/Illuminate/Routing/Route.php(255): Illuminate\\Routing\\ControllerDispatcher->dispatch()
#20 /var/www/nuxt-project/back/vendor/laravel/framework/src/Illuminate/Routing/Route.php(197): Illuminate\\Routing\\Route->runController()
#21 /var/www/nuxt-project/back/vendor/laravel/framework/src/Illuminate/Routing/Router.php(691): Illuminate\\Routing\\Route->run()
#22 /var/www/nuxt-project/back/vendor/laravel/framework/src/Illuminate/Pipeline/Pipeline.php(128): Illuminate\\Routing\\Router->Illuminate\\Routing\\{closure}()
#23 /var/www/nuxt-project/back/vendor/laravel/framework/src/Illuminate/Routing/Middleware/SubstituteBindings.php(41): Illuminate\\Pipeline\\Pipeline->Illuminate\\Pipeline\\{closure}()
#24 /var/www/nuxt-project/back/vendor/laravel/framework/src/Illuminate/Pipeline/Pipeline.php(167): Illuminate\\Routing\\Middleware\\SubstituteBindings->handle()
#25 /var/www/nuxt-project/back/vendor/laravel/framework/src/Illuminate/Routing/Middleware/ThrottleRequests.php(127): Illuminate\\Pipeline\\Pipeline->Illuminate\\Pipeline\\{closure}()
#26 /var/www/nuxt-project/back/vendor/laravel/framework/src/Illuminate/Routing/Middleware/ThrottleRequests.php(103): Illuminate\\Routing\\Middleware\\ThrottleRequests->handleRequest()
#27 /var/www/nuxt-project/back/vendor/laravel/framework/src/Illuminate/Routing/Middleware/ThrottleRequests.php(55): Illuminate\\Routing\\Middleware\\ThrottleRequests->handleRequestUsingNamedLimiter()
#28 /var/www/nuxt-project/back/vendor/laravel/framework/src/Illuminate/Pipeline/Pipeline.php(167): Illuminate\\Routing\\Middleware\\ThrottleRequests->handle()
#29 /var/www/nuxt-project/back/vendor/laravel/framework/src/Illuminate/Pipeline/Pipeline.php(103): Illuminate\\Pipeline\\Pipeline->Illuminate\\Pipeline\\{closure}()
#30 /var/www/nuxt-project/back/vendor/laravel/framework/src/Illuminate/Routing/Router.php(693): Illuminate\\Pipeline\\Pipeline->then()
#31 /var/www/nuxt-project/back/vendor/laravel/framework/src/Illuminate/Routing/Router.php(668): Illuminate\\Routing\\Router->runRouteWithinStack()
#32 /var/www/nuxt-project/back/vendor/laravel/framework/src/Illuminate/Routing/Router.php(634): Illuminate\\Routing\\Router->runRoute()
#33 /var/www/nuxt-project/back/vendor/laravel/framework/src/Illuminate/Routing/Router.php(623): Illuminate\\Routing\\Router->dispatchToRoute()
#34 /var/www/nuxt-project/back/vendor/laravel/framework/src/Illuminate/Foundation/Http/Kernel.php(166): Illuminate\\Routing\\Router->dispatch()
#35 /var/www/nuxt-project/back/vendor/laravel/framework/src/Illuminate/Pipeline/Pipeline.php(128): Illuminate\\Foundation\\Http\\Kernel->Illuminate\\Foundation\\Http\\{closure}()
#36 /var/www/nuxt-project/back/vendor/laravel/framework/src/Illuminate/Foundation/Http/Middleware/TransformsRequest.php(21): Illuminate\\Pipeline\\Pipeline->Illuminate\\Pipeline\\{closure}()
#37 /var/www/nuxt-project/back/vendor/laravel/framework/src/Illuminate/Pipeline/Pipeline.php(167): Illuminate\\Foundation\\Http\\Middleware\\TransformsRequest->handle()
#38 /var/www/nuxt-project/back/vendor/laravel/framework/src/Illuminate/Foundation/Http/Middleware/TransformsRequest.php(21): Illuminate\\Pipeline\\Pipeline->Illuminate\\Pipeline\\{closure}()
#39 /var/www/nuxt-project/back/vendor/laravel/framework/src/Illuminate/Pipeline/Pipeline.php(167): Illuminate\\Foundation\\Http\\Middleware\\TransformsRequest->handle()
#40 /var/www/nuxt-project/back/vendor/laravel/framework/src/Illuminate/Foundation/Http/Middleware/ValidatePostSize.php(27): Illuminate\\Pipeline\\Pipeline->Illuminate\\Pipeline\\{closure}()
#41 /var/www/nuxt-project/back/vendor/laravel/framework/src/Illuminate/Pipeline/Pipeline.php(167): Illuminate\\Foundation\\Http\\Middleware\\ValidatePostSize->handle()
#42 /var/www/nuxt-project/back/vendor/laravel/framework/src/Illuminate/Foundation/Http/Middleware/PreventRequestsDuringMaintenance.php(87): Illuminate\\Pipeline\\Pipeline->Illuminate\\Pipeline\\{closure}()
#43 /var/www/nuxt-project/back/vendor/laravel/framework/src/Illuminate/Pipeline/Pipeline.php(167): Illuminate\\Foundation\\Http\\Middleware\\PreventRequestsDuringMaintenance->handle()
#44 /var/www/nuxt-project/back/vendor/fruitcake/laravel-cors/src/HandleCors.php(57): Illuminate\\Pipeline\\Pipeline->Illuminate\\Pipeline\\{closure}()
#45 /var/www/nuxt-project/back/vendor/laravel/framework/src/Illuminate/Pipeline/Pipeline.php(167): Fruitcake\\Cors\\HandleCors->handle()
#46 /var/www/nuxt-project/back/vendor/fideloper/proxy/src/TrustProxies.php(57): Illuminate\\Pipeline\\Pipeline->Illuminate\\Pipeline\\{closure}()
#47 /var/www/nuxt-project/back/vendor/laravel/framework/src/Illuminate/Pipeline/Pipeline.php(167): Fideloper\\Proxy\\TrustProxies->handle()
#48 /var/www/nuxt-project/back/vendor/laravel/framework/src/Illuminate/Pipeline/Pipeline.php(103): Illuminate\\Pipeline\\Pipeline->Illuminate\\Pipeline\\{closure}()
#49 /var/www/nuxt-project/back/vendor/laravel/framework/src/Illuminate/Foundation/Http/Kernel.php(141): Illuminate\\Pipeline\\Pipeline->then()
#50 /var/www/nuxt-project/back/vendor/laravel/framework/src/Illuminate/Foundation/Http/Kernel.php(110): Illuminate\\Foundation\\Http\\Kernel->sendRequestThroughRouter()
#51 /var/www/nuxt-project/back/public/index.php(52): Illuminate\\Foundation\\Http\\Kernel->handle()
#52 {main}
"} 
[2020-11-21 20:48:55] local.ERROR: Key path "file:///var/www/nuxt-project/back/storage/oauth-private.key" does not exist or is not readable {"userId":1,"exception":"[object] (LogicException(code: 0): Key path \"file:///var/www/nuxt-project/back/storage/oauth-private.key\" does not exist or is not readable at /var/www/nuxt-project/back/vendor/league/oauth2-server/src/CryptKey.php:52)
[stacktrace]
#0 /var/www/nuxt-project/back/vendor/laravel/passport/src/PassportServiceProvider.php(263): League\\OAuth2\\Server\\CryptKey->__construct()
#1 /var/www/nuxt-project/back/vendor/laravel/passport/src/PassportServiceProvider.php(215): Laravel\\Passport\\PassportServiceProvider->makeCryptKey()
#2 /var/www/nuxt-project/back/vendor/laravel/passport/src/PassportServiceProvider.php(105): Laravel\\Passport\\PassportServiceProvider->makeAuthorizationServer()
#3 /var/www/nuxt-project/back/vendor/laravel/framework/src/Illuminate/Container/Container.php(805): Laravel\\Passport\\PassportServiceProvider->Laravel\\Passport\\{closure}()
#4 /var/www/nuxt-project/back/vendor/laravel/framework/src/Illuminate/Container/Container.php(691): Illuminate\\Container\\Container->build()
#5 /var/www/nuxt-project/back/vendor/laravel/framework/src/Illuminate/Foundation/Application.php(796): Illuminate\\Container\\Container->resolve()
#6 /var/www/nuxt-project/back/vendor/laravel/framework/src/Illuminate/Container/Container.php(637): Illuminate\\Foundation\\Application->resolve()
#7 /var/www/nuxt-project/back/vendor/laravel/framework/src/Illuminate/Foundation/Application.php(781): Illuminate\\Container\\Container->make()
#8 /var/www/nuxt-project/back/vendor/laravel/framework/src/Illuminate/Container/Container.php(959): Illuminate\\Foundation\\Application->make()
#9 /var/www/nuxt-project/back/vendor/laravel/framework/src/Illuminate/Container/Container.php(879): Illuminate\\Container\\Container->resolveClass()
#10 /var/www/nuxt-project/back/vendor/laravel/framework/src/Illuminate/Container/Container.php(840): Illuminate\\Container\\Container->resolveDependencies()
#11 /var/www/nuxt-project/back/vendor/laravel/framework/src/Illuminate/Container/Container.php(691): Illuminate\\Container\\Container->build()
#12 /var/www/nuxt-project/back/vendor/laravel/framework/src/Illuminate/Foundation/Application.php(796): Illuminate\\Container\\Container->resolve()
#13 /var/www/nuxt-project/back/vendor/laravel/framework/src/Illuminate/Container/Container.php(637): Illuminate\\Foundation\\Application->resolve()
#14 /var/www/nuxt-project/back/vendor/laravel/framework/src/Illuminate/Foundation/Application.php(781): Illuminate\\Container\\Container->make()
#15 /var/www/nuxt-project/back/vendor/laravel/passport/src/HasApiTokens.php(66): Illuminate\\Foundation\\Application->make()
#16 /var/www/nuxt-project/back/app/Http/Controllers/Api/AuthController.php(20): App\\Models\\User->createToken()
#17 /var/www/nuxt-project/back/vendor/laravel/framework/src/Illuminate/Routing/Controller.php(54): App\\Http\\Controllers\\Api\\AuthController->index()
#18 /var/www/nuxt-project/back/vendor/laravel/framework/src/Illuminate/Routing/ControllerDispatcher.php(45): Illuminate\\Routing\\Controller->callAction()
#19 /var/www/nuxt-project/back/vendor/laravel/framework/src/Illuminate/Routing/Route.php(255): Illuminate\\Routing\\ControllerDispatcher->dispatch()
#20 /var/www/nuxt-project/back/vendor/laravel/framework/src/Illuminate/Routing/Route.php(197): Illuminate\\Routing\\Route->runController()
#21 /var/www/nuxt-project/back/vendor/laravel/framework/src/Illuminate/Routing/Router.php(691): Illuminate\\Routing\\Route->run()
#22 /var/www/nuxt-project/back/vendor/laravel/framework/src/Illuminate/Pipeline/Pipeline.php(128): Illuminate\\Routing\\Router->Illuminate\\Routing\\{closure}()
#23 /var/www/nuxt-project/back/vendor/laravel/framework/src/Illuminate/Routing/Middleware/SubstituteBindings.php(41): Illuminate\\Pipeline\\Pipeline->Illuminate\\Pipeline\\{closure}()
#24 /var/www/nuxt-project/back/vendor/laravel/framework/src/Illuminate/Pipeline/Pipeline.php(167): Illuminate\\Routing\\Middleware\\SubstituteBindings->handle()
#25 /var/www/nuxt-project/back/vendor/laravel/framework/src/Illuminate/Routing/Middleware/ThrottleRequests.php(127): Illuminate\\Pipeline\\Pipeline->Illuminate\\Pipeline\\{closure}()
#26 /var/www/nuxt-project/back/vendor/laravel/framework/src/Illuminate/Routing/Middleware/ThrottleRequests.php(103): Illuminate\\Routing\\Middleware\\ThrottleRequests->handleRequest()
#27 /var/www/nuxt-project/back/vendor/laravel/framework/src/Illuminate/Routing/Middleware/ThrottleRequests.php(55): Illuminate\\Routing\\Middleware\\ThrottleRequests->handleRequestUsingNamedLimiter()
#28 /var/www/nuxt-project/back/vendor/laravel/framework/src/Illuminate/Pipeline/Pipeline.php(167): Illuminate\\Routing\\Middleware\\ThrottleRequests->handle()
#29 /var/www/nuxt-project/back/vendor/laravel/framework/src/Illuminate/Pipeline/Pipeline.php(103): Illuminate\\Pipeline\\Pipeline->Illuminate\\Pipeline\\{closure}()
#30 /var/www/nuxt-project/back/vendor/laravel/framework/src/Illuminate/Routing/Router.php(693): Illuminate\\Pipeline\\Pipeline->then()
#31 /var/www/nuxt-project/back/vendor/laravel/framework/src/Illuminate/Routing/Router.php(668): Illuminate\\Routing\\Router->runRouteWithinStack()
#32 /var/www/nuxt-project/back/vendor/laravel/framework/src/Illuminate/Routing/Router.php(634): Illuminate\\Routing\\Router->runRoute()
#33 /var/www/nuxt-project/back/vendor/laravel/framework/src/Illuminate/Routing/Router.php(623): Illuminate\\Routing\\Router->dispatchToRoute()
#34 /var/www/nuxt-project/back/vendor/laravel/framework/src/Illuminate/Foundation/Http/Kernel.php(166): Illuminate\\Routing\\Router->dispatch()
#35 /var/www/nuxt-project/back/vendor/laravel/framework/src/Illuminate/Pipeline/Pipeline.php(128): Illuminate\\Foundation\\Http\\Kernel->Illuminate\\Foundation\\Http\\{closure}()
#36 /var/www/nuxt-project/back/vendor/laravel/framework/src/Illuminate/Foundation/Http/Middleware/TransformsRequest.php(21): Illuminate\\Pipeline\\Pipeline->Illuminate\\Pipeline\\{closure}()
#37 /var/www/nuxt-project/back/vendor/laravel/framework/src/Illuminate/Pipeline/Pipeline.php(167): Illuminate\\Foundation\\Http\\Middleware\\TransformsRequest->handle()
#38 /var/www/nuxt-project/back/vendor/laravel/framework/src/Illuminate/Foundation/Http/Middleware/TransformsRequest.php(21): Illuminate\\Pipeline\\Pipeline->Illuminate\\Pipeline\\{closure}()
#39 /var/www/nuxt-project/back/vendor/laravel/framework/src/Illuminate/Pipeline/Pipeline.php(167): Illuminate\\Foundation\\Http\\Middleware\\TransformsRequest->handle()
#40 /var/www/nuxt-project/back/vendor/laravel/framework/src/Illuminate/Foundation/Http/Middleware/ValidatePostSize.php(27): Illuminate\\Pipeline\\Pipeline->Illuminate\\Pipeline\\{closure}()
#41 /var/www/nuxt-project/back/vendor/laravel/framework/src/Illuminate/Pipeline/Pipeline.php(167): Illuminate\\Foundation\\Http\\Middleware\\ValidatePostSize->handle()
#42 /var/www/nuxt-project/back/vendor/laravel/framework/src/Illuminate/Foundation/Http/Middleware/PreventRequestsDuringMaintenance.php(87): Illuminate\\Pipeline\\Pipeline->Illuminate\\Pipeline\\{closure}()
#43 /var/www/nuxt-project/back/vendor/laravel/framework/src/Illuminate/Pipeline/Pipeline.php(167): Illuminate\\Foundation\\Http\\Middleware\\PreventRequestsDuringMaintenance->handle()
#44 /var/www/nuxt-project/back/vendor/fruitcake/laravel-cors/src/HandleCors.php(57): Illuminate\\Pipeline\\Pipeline->Illuminate\\Pipeline\\{closure}()
#45 /var/www/nuxt-project/back/vendor/laravel/framework/src/Illuminate/Pipeline/Pipeline.php(167): Fruitcake\\Cors\\HandleCors->handle()
#46 /var/www/nuxt-project/back/vendor/fideloper/proxy/src/TrustProxies.php(57): Illuminate\\Pipeline\\Pipeline->Illuminate\\Pipeline\\{closure}()
#47 /var/www/nuxt-project/back/vendor/laravel/framework/src/Illuminate/Pipeline/Pipeline.php(167): Fideloper\\Proxy\\TrustProxies->handle()
#48 /var/www/nuxt-project/back/vendor/laravel/framework/src/Illuminate/Pipeline/Pipeline.php(103): Illuminate\\Pipeline\\Pipeline->Illuminate\\Pipeline\\{closure}()
#49 /var/www/nuxt-project/back/vendor/laravel/framework/src/Illuminate/Foundation/Http/Kernel.php(141): Illuminate\\Pipeline\\Pipeline->then()
#50 /var/www/nuxt-project/back/vendor/laravel/framework/src/Illuminate/Foundation/Http/Kernel.php(110): Illuminate\\Foundation\\Http\\Kernel->sendRequestThroughRouter()
#51 /var/www/nuxt-project/back/public/index.php(52): Illuminate\\Foundation\\Http\\Kernel->handle()
#52 {main}
"} 
[2020-11-21 20:49:29] local.ERROR: Key path "file:///var/www/nuxt-project/back/storage/oauth-private.key" does not exist or is not readable {"userId":1,"exception":"[object] (LogicException(code: 0): Key path \"file:///var/www/nuxt-project/back/storage/oauth-private.key\" does not exist or is not readable at /var/www/nuxt-project/back/vendor/league/oauth2-server/src/CryptKey.php:52)
[stacktrace]
#0 /var/www/nuxt-project/back/vendor/laravel/passport/src/PassportServiceProvider.php(263): League\\OAuth2\\Server\\CryptKey->__construct()
#1 /var/www/nuxt-project/back/vendor/laravel/passport/src/PassportServiceProvider.php(215): Laravel\\Passport\\PassportServiceProvider->makeCryptKey()
#2 /var/www/nuxt-project/back/vendor/laravel/passport/src/PassportServiceProvider.php(105): Laravel\\Passport\\PassportServiceProvider->makeAuthorizationServer()
#3 /var/www/nuxt-project/back/vendor/laravel/framework/src/Illuminate/Container/Container.php(805): Laravel\\Passport\\PassportServiceProvider->Laravel\\Passport\\{closure}()
#4 /var/www/nuxt-project/back/vendor/laravel/framework/src/Illuminate/Container/Container.php(691): Illuminate\\Container\\Container->build()
#5 /var/www/nuxt-project/back/vendor/laravel/framework/src/Illuminate/Foundation/Application.php(796): Illuminate\\Container\\Container->resolve()
#6 /var/www/nuxt-project/back/vendor/laravel/framework/src/Illuminate/Container/Container.php(637): Illuminate\\Foundation\\Application->resolve()
#7 /var/www/nuxt-project/back/vendor/laravel/framework/src/Illuminate/Foundation/Application.php(781): Illuminate\\Container\\Container->make()
#8 /var/www/nuxt-project/back/vendor/laravel/framework/src/Illuminate/Container/Container.php(959): Illuminate\\Foundation\\Application->make()
#9 /var/www/nuxt-project/back/vendor/laravel/framework/src/Illuminate/Container/Container.php(879): Illuminate\\Container\\Container->resolveClass()
#10 /var/www/nuxt-project/back/vendor/laravel/framework/src/Illuminate/Container/Container.php(840): Illuminate\\Container\\Container->resolveDependencies()
#11 /var/www/nuxt-project/back/vendor/laravel/framework/src/Illuminate/Container/Container.php(691): Illuminate\\Container\\Container->build()
#12 /var/www/nuxt-project/back/vendor/laravel/framework/src/Illuminate/Foundation/Application.php(796): Illuminate\\Container\\Container->resolve()
#13 /var/www/nuxt-project/back/vendor/laravel/framework/src/Illuminate/Container/Container.php(637): Illuminate\\Foundation\\Application->resolve()
#14 /var/www/nuxt-project/back/vendor/laravel/framework/src/Illuminate/Foundation/Application.php(781): Illuminate\\Container\\Container->make()
#15 /var/www/nuxt-project/back/vendor/laravel/passport/src/HasApiTokens.php(66): Illuminate\\Foundation\\Application->make()
#16 /var/www/nuxt-project/back/app/Http/Controllers/Api/AuthController.php(20): App\\Models\\User->createToken()
#17 /var/www/nuxt-project/back/vendor/laravel/framework/src/Illuminate/Routing/Controller.php(54): App\\Http\\Controllers\\Api\\AuthController->index()
#18 /var/www/nuxt-project/back/vendor/laravel/framework/src/Illuminate/Routing/ControllerDispatcher.php(45): Illuminate\\Routing\\Controller->callAction()
#19 /var/www/nuxt-project/back/vendor/laravel/framework/src/Illuminate/Routing/Route.php(255): Illuminate\\Routing\\ControllerDispatcher->dispatch()
#20 /var/www/nuxt-project/back/vendor/laravel/framework/src/Illuminate/Routing/Route.php(197): Illuminate\\Routing\\Route->runController()
#21 /var/www/nuxt-project/back/vendor/laravel/framework/src/Illuminate/Routing/Router.php(691): Illuminate\\Routing\\Route->run()
#22 /var/www/nuxt-project/back/vendor/laravel/framework/src/Illuminate/Pipeline/Pipeline.php(128): Illuminate\\Routing\\Router->Illuminate\\Routing\\{closure}()
#23 /var/www/nuxt-project/back/vendor/laravel/framework/src/Illuminate/Routing/Middleware/SubstituteBindings.php(41): Illuminate\\Pipeline\\Pipeline->Illuminate\\Pipeline\\{closure}()
#24 /var/www/nuxt-project/back/vendor/laravel/framework/src/Illuminate/Pipeline/Pipeline.php(167): Illuminate\\Routing\\Middleware\\SubstituteBindings->handle()
#25 /var/www/nuxt-project/back/vendor/laravel/framework/src/Illuminate/Routing/Middleware/ThrottleRequests.php(127): Illuminate\\Pipeline\\Pipeline->Illuminate\\Pipeline\\{closure}()
#26 /var/www/nuxt-project/back/vendor/laravel/framework/src/Illuminate/Routing/Middleware/ThrottleRequests.php(103): Illuminate\\Routing\\Middleware\\ThrottleRequests->handleRequest()
#27 /var/www/nuxt-project/back/vendor/laravel/framework/src/Illuminate/Routing/Middleware/ThrottleRequests.php(55): Illuminate\\Routing\\Middleware\\ThrottleRequests->handleRequestUsingNamedLimiter()
#28 /var/www/nuxt-project/back/vendor/laravel/framework/src/Illuminate/Pipeline/Pipeline.php(167): Illuminate\\Routing\\Middleware\\ThrottleRequests->handle()
#29 /var/www/nuxt-project/back/vendor/laravel/framework/src/Illuminate/Pipeline/Pipeline.php(103): Illuminate\\Pipeline\\Pipeline->Illuminate\\Pipeline\\{closure}()
#30 /var/www/nuxt-project/back/vendor/laravel/framework/src/Illuminate/Routing/Router.php(693): Illuminate\\Pipeline\\Pipeline->then()
#31 /var/www/nuxt-project/back/vendor/laravel/framework/src/Illuminate/Routing/Router.php(668): Illuminate\\Routing\\Router->runRouteWithinStack()
#32 /var/www/nuxt-project/back/vendor/laravel/framework/src/Illuminate/Routing/Router.php(634): Illuminate\\Routing\\Router->runRoute()
#33 /var/www/nuxt-project/back/vendor/laravel/framework/src/Illuminate/Routing/Router.php(623): Illuminate\\Routing\\Router->dispatchToRoute()
#34 /var/www/nuxt-project/back/vendor/laravel/framework/src/Illuminate/Foundation/Http/Kernel.php(166): Illuminate\\Routing\\Router->dispatch()
#35 /var/www/nuxt-project/back/vendor/laravel/framework/src/Illuminate/Pipeline/Pipeline.php(128): Illuminate\\Foundation\\Http\\Kernel->Illuminate\\Foundation\\Http\\{closure}()
#36 /var/www/nuxt-project/back/vendor/laravel/framework/src/Illuminate/Foundation/Http/Middleware/TransformsRequest.php(21): Illuminate\\Pipeline\\Pipeline->Illuminate\\Pipeline\\{closure}()
#37 /var/www/nuxt-project/back/vendor/laravel/framework/src/Illuminate/Pipeline/Pipeline.php(167): Illuminate\\Foundation\\Http\\Middleware\\TransformsRequest->handle()
#38 /var/www/nuxt-project/back/vendor/laravel/framework/src/Illuminate/Foundation/Http/Middleware/TransformsRequest.php(21): Illuminate\\Pipeline\\Pipeline->Illuminate\\Pipeline\\{closure}()
#39 /var/www/nuxt-project/back/vendor/laravel/framework/src/Illuminate/Pipeline/Pipeline.php(167): Illuminate\\Foundation\\Http\\Middleware\\TransformsRequest->handle()
#40 /var/www/nuxt-project/back/vendor/laravel/framework/src/Illuminate/Foundation/Http/Middleware/ValidatePostSize.php(27): Illuminate\\Pipeline\\Pipeline->Illuminate\\Pipeline\\{closure}()
#41 /var/www/nuxt-project/back/vendor/laravel/framework/src/Illuminate/Pipeline/Pipeline.php(167): Illuminate\\Foundation\\Http\\Middleware\\ValidatePostSize->handle()
#42 /var/www/nuxt-project/back/vendor/laravel/framework/src/Illuminate/Foundation/Http/Middleware/PreventRequestsDuringMaintenance.php(87): Illuminate\\Pipeline\\Pipeline->Illuminate\\Pipeline\\{closure}()
#43 /var/www/nuxt-project/back/vendor/laravel/framework/src/Illuminate/Pipeline/Pipeline.php(167): Illuminate\\Foundation\\Http\\Middleware\\PreventRequestsDuringMaintenance->handle()
#44 /var/www/nuxt-project/back/vendor/fruitcake/laravel-cors/src/HandleCors.php(57): Illuminate\\Pipeline\\Pipeline->Illuminate\\Pipeline\\{closure}()
#45 /var/www/nuxt-project/back/vendor/laravel/framework/src/Illuminate/Pipeline/Pipeline.php(167): Fruitcake\\Cors\\HandleCors->handle()
#46 /var/www/nuxt-project/back/vendor/fideloper/proxy/src/TrustProxies.php(57): Illuminate\\Pipeline\\Pipeline->Illuminate\\Pipeline\\{closure}()
#47 /var/www/nuxt-project/back/vendor/laravel/framework/src/Illuminate/Pipeline/Pipeline.php(167): Fideloper\\Proxy\\TrustProxies->handle()
#48 /var/www/nuxt-project/back/vendor/laravel/framework/src/Illuminate/Pipeline/Pipeline.php(103): Illuminate\\Pipeline\\Pipeline->Illuminate\\Pipeline\\{closure}()
#49 /var/www/nuxt-project/back/vendor/laravel/framework/src/Illuminate/Foundation/Http/Kernel.php(141): Illuminate\\Pipeline\\Pipeline->then()
#50 /var/www/nuxt-project/back/vendor/laravel/framework/src/Illuminate/Foundation/Http/Kernel.php(110): Illuminate\\Foundation\\Http\\Kernel->sendRequestThroughRouter()
#51 /var/www/nuxt-project/back/public/index.php(52): Illuminate\\Foundation\\Http\\Kernel->handle()
#52 {main}
"} 
